2018-08-24 17:08:14 DEBUG ContextListener:28 - Application connection started.
2018-08-24 17:11:00 DEBUG ContextListener:54 - Application connection closed
2018-08-24 17:11:26 DEBUG ContextListener:28 - Application connection started.
2018-08-24 17:12:29 DEBUG ContextListener:54 - Application connection closed
2018-08-24 17:13:07 DEBUG ContextListener:28 - Application connection started.
2018-08-24 17:21:20 DEBUG ContextListener:54 - Application connection closed
2018-08-24 17:22:01 DEBUG ContextListener:28 - Application connection started.
2018-08-24 17:22:19 DEBUG ContextListener:28 - Application connection started.
2018-08-24 17:23:44 DEBUG ContextListener:54 - Application connection closed
2018-08-24 17:23:45 DEBUG ContextListener:28 - Application connection started.
2018-08-24 17:23:46 DEBUG ContextListener:54 - Application connection closed
2018-08-24 17:23:57 DEBUG ContextListener:28 - Application connection started.
2018-08-24 17:24:24 DEBUG RESTfulService:28 - getAllCustomer called
2018-08-24 17:25:22 DEBUG ContextListener:54 - Application connection closed2018-09-03 22:25:01 DEBUG ContextListener:28 - Application connection started.
2018-09-03 22:25:34 DEBUG ContextListener:54 - Application connection closed
2018-09-03 22:36:50 DEBUG ContextListener:28 - Application connection started.
2018-09-03 22:41:55 DEBUG ContextListener:54 - Application connection closed
2018-09-03 23:07:23 DEBUG ContextListener:28 - Application connection started.
2018-09-03 23:08:34 DEBUG ContextListener:54 - Application connection closed
2018-09-03 23:19:24 DEBUG ContextListener:28 - Application connection started.
2018-09-03 23:52:54 DEBUG ContextListener:54 - Application connection closed
2018-09-04 20:06:59 DEBUG ContextListener:28 - Application connection started.
2018-09-04 20:07:17 DEBUG ContextListener:54 - Application connection closed
2018-09-04 20:11:44 DEBUG ContextListener:28 - Application connection started.
2018-09-04 20:11:54 DEBUG ContextListener:54 - Application connection closed
2018-09-04 20:12:14 DEBUG ContextListener:28 - Application connection started.
2018-09-04 20:19:34 DEBUG ContextListener:54 - Application connection closed
2018-09-04 20:19:45 DEBUG ContextListener:28 - Application connection started.
2018-09-04 20:20:13 DEBUG ContextListener:54 - Application connection closed
2018-09-04 20:20:47 DEBUG ContextListener:28 - Application connection started.
2018-09-04 20:24:25 DEBUG ContextListener:54 - Application connection closed
2018-09-04 20:24:37 DEBUG ContextListener:28 - Application connection started.
2018-09-04 20:30:47 DEBUG ContextListener:54 - Application connection closed
2018-09-04 20:40:22 DEBUG ContextListener:28 - Application connection started.
2018-09-04 20:40:56 DEBUG ContextListener:54 - Application connection closed
2018-09-04 22:19:07 DEBUG ContextListener:28 - Application connection started.
2018-09-04 22:45:09 DEBUG ContextListener:54 - Application connection closed
2018-09-04 22:45:27 DEBUG ContextListener:28 - Application connection started.
2018-09-04 22:45:44 DEBUG ContextListener:54 - Application connection closed
2018-09-04 22:45:55 DEBUG ContextListener:28 - Application connection started.
2018-09-04 22:46:49 DEBUG ContextListener:54 - Application connection closed
2018-09-04 22:47:00 DEBUG ContextListener:28 - Application connection started.
2018-09-04 22:47:08 DEBUG ContextListener:54 - Application connection closed
2018-09-04 22:47:22 DEBUG ContextListener:28 - Application connection started.
2018-09-04 22:52:18 DEBUG ContextListener:54 - Application connection closed
2018-09-04 22:54:24 DEBUG ContextListener:28 - Application connection started.
2018-09-04 22:54:43 DEBUG ContextListener:54 - Application connection closed
2018-09-04 22:55:01 DEBUG ContextListener:28 - Application connection started.
2018-09-04 22:55:19 DEBUG ContextListener:54 - Application connection closed
2018-09-05 15:00:44 DEBUG ContextListener:28 - Application connection started.
2018-09-05 15:01:49 DEBUG ContextListener:54 - Application connection closed
2018-09-05 15:07:56 DEBUG ContextListener:28 - Application connection started.
2018-09-05 15:10:21 DEBUG ContextListener:54 - Application connection closed
2018-09-05 15:17:08 DEBUG ContextListener:28 - Application connection started.
2018-09-05 15:29:48 DEBUG ContextListener:54 - Application connection closed
2018-09-05 15:30:00 DEBUG ContextListener:28 - Application connection started.
2018-09-05 15:30:15 DEBUG ContextListener:54 - Application connection closed
2018-09-05 15:31:45 DEBUG ContextListener:28 - Application connection started.
2018-09-05 15:32:00 DEBUG ContextListener:54 - Application connection closed
2018-09-05 15:38:59 DEBUG ContextListener:28 - Application connection started.
2018-09-05 15:39:17 DEBUG ContextListener:54 - Application connection closed
2018-09-05 15:39:26 DEBUG ContextListener:28 - Application connection started.
2018-09-05 15:39:32 DEBUG ContextListener:54 - Application connection closed
2018-09-05 15:40:27 DEBUG ContextListener:28 - Application connection started.
2018-09-05 15:45:29 DEBUG ContextListener:54 - Application connection closed
2018-09-05 15:45:51 DEBUG ContextListener:28 - Application connection started.
2018-09-05 15:46:08 DEBUG ContextListener:54 - Application connection closed
2018-09-05 16:14:14 DEBUG ContextListener:28 - Application connection started.
2018-09-05 16:14:36 DEBUG ContextListener:54 - Application connection closed
2018-09-05 16:16:44 DEBUG ContextListener:28 - Application connection started.
2018-09-05 16:17:15 DEBUG ContextListener:54 - Application connection closed
2018-09-05 16:19:23 DEBUG ContextListener:28 - Application connection started.
2018-09-05 16:21:37 DEBUG ContextListener:54 - Application connection closed
2018-09-05 16:21:49 DEBUG ContextListener:28 - Application connection started.
2018-09-05 16:21:57 DEBUG ContextListener:54 - Application connection closed
2018-09-05 16:23:46 DEBUG ContextListener:28 - Application connection started.
2018-09-05 16:23:53 DEBUG ContextListener:54 - Application connection closed
2018-09-05 16:25:33 DEBUG ContextListener:28 - Application connection started.
2018-09-05 16:25:50 DEBUG ContextListener:54 - Application connection closed
2018-09-05 16:33:03 DEBUG ContextListener:28 - Application connection started.
2018-09-05 16:33:17 DEBUG ContextListener:54 - Application connection closed
2018-09-05 16:37:04 DEBUG ContextListener:28 - Application connection started.
2018-09-05 16:37:12 DEBUG ContextListener:54 - Application connection closed
2018-09-05 16:38:58 DEBUG ContextListener:28 - Application connection started.
2018-09-05 16:39:12 DEBUG ContextListener:54 - Application connection closed
2018-09-05 16:39:51 DEBUG ContextListener:28 - Application connection started.
2018-09-05 16:39:57 DEBUG ContextListener:54 - Application connection closed
2018-09-05 16:41:26 DEBUG ContextListener:28 - Application connection started.
2018-09-05 16:41:49 DEBUG ContextListener:54 - Application connection closed
2018-09-05 16:42:22 DEBUG ContextListener:28 - Application connection started.
2018-09-05 16:42:29 DEBUG ContextListener:54 - Application connection closed
2018-09-05 16:42:48 DEBUG ContextListener:28 - Application connection started.
2018-09-05 16:42:57 DEBUG ContextListener:54 - Application connection closed
2018-09-05 16:43:19 DEBUG ContextListener:28 - Application connection started.
2018-09-05 16:43:26 DEBUG ContextListener:54 - Application connection closed
2018-09-05 16:45:18 DEBUG ContextListener:28 - Application connection started.
2018-09-05 16:45:24 DEBUG ContextListener:54 - Application connection closed
2018-09-05 16:45:44 DEBUG ContextListener:28 - Application connection started.
2018-09-05 16:46:13 DEBUG ContextListener:54 - Application connection closed
2018-09-05 16:47:24 DEBUG ContextListener:28 - Application connection started.
2018-09-05 16:47:46 DEBUG ContextListener:54 - Application connection closed
2018-09-05 16:47:59 DEBUG ContextListener:28 - Application connection started.
2018-09-05 16:48:44 DEBUG ContextListener:54 - Application connection closed
2018-09-05 16:49:21 DEBUG ContextListener:28 - Application connection started.
2018-09-05 16:49:40 DEBUG ContextListener:54 - Application connection closed
2018-09-05 16:55:53 DEBUG ContextListener:28 - Application connection started.
2018-09-05 17:02:30 DEBUG ContextListener:54 - Application connection closed
2018-09-05 17:54:34 DEBUG ContextListener:28 - Application connection started.
2018-09-05 17:59:13 DEBUG ContextListener:54 - Application connection closed
2018-09-05 17:59:24 DEBUG ContextListener:28 - Application connection started.
2018-09-05 18:09:27 DEBUG ContextListener:54 - Application connection closed
2018-09-05 18:09:35 DEBUG ContextListener:28 - Application connection started.
2018-09-05 18:09:49 DEBUG ContextListener:28 - Application connection started.
2018-09-05 18:12:24 DEBUG ContextListener:54 - Application connection closed
2018-09-05 21:20:32 DEBUG ContextListener:28 - Application connection started.
2018-09-05 21:21:37 DEBUG ContextListener:54 - Application connection closed
2018-09-05 21:22:04 DEBUG ContextListener:28 - Application connection started.
2018-09-05 21:22:28 DEBUG ContextListener:54 - Application connection closed
2018-09-08 23:05:33 DEBUG ContextListener:28 - Application connection started.
2018-09-08 23:06:19 DEBUG ContextListener:54 - Application connection closed
2018-09-10 21:13:21 DEBUG ContextListener:30 - ContextListener started
2018-09-10 21:13:49 DEBUG ContextListener:50 - ContextListener destroyed
